This is XeTeX, Version 3.141592653-2.6-0.999997 (TeX Live 2025) (preloaded format=xelatex 2025.3.8)  3 JAN 2026 23:22
entering extended mode
 restricted \write18 enabled.
 %&-line parsing enabled.
**silicon-jim-en.tex
(./silicon-jim-en.tex
LaTeX2e <2024-11-01> patch level 2
L3 programming layer <2025-01-18>
(/usr/local/texlive/2025basic/texmf-dist/tex/latex/base/book.cls
Document Class: book 2024/06/29 v1.4n Standard LaTeX document class
(/usr/local/texlive/2025basic/texmf-dist/tex/latex/base/bk11.clo
File: bk11.clo 2024/06/29 v1.4n Standard LaTeX file (size option)
)
\c@part=\count192
\c@chapter=\count193
\c@section=\count194
\c@subsection=\count195
\c@subsubsection=\count196
\c@paragraph=\count197
\c@subparagraph=\count198
\c@figure=\count199
\c@table=\count266
\abovecaptionskip=\skip49
\belowcaptionskip=\skip50
\bibindent=\dimen141
)
(/usr/local/texlive/2025basic/texmf-dist/tex/latex/fontspec/fontspec.sty
(/usr/local/texlive/2025basic/texmf-dist/tex/latex/l3packages/xparse/xparse.sty
(/usr/local/texlive/2025basic/texmf-dist/tex/latex/l3kernel/expl3.sty
Package: expl3 2025-01-18 L3 programming layer (loader) 

(/usr/local/texlive/2025basic/texmf-dist/tex/latex/l3backend/l3backend-xetex.de
f
File: l3backend-xetex.def 2024-05-08 L3 backend support: XeTeX
\g__graphics_track_int=\count267
\l__pdf_internal_box=\box52
\g__pdf_backend_annotation_int=\count268
\g__pdf_backend_link_int=\count269
))
Package: xparse 2024-08-16 L3 Experimental document command parser
)
Package: fontspec 2024/05/11 v2.9e Font selection for XeLaTeX and LuaLaTeX

(/usr/local/texlive/2025basic/texmf-dist/tex/latex/fontspec/fontspec-xetex.sty
Package: fontspec-xetex 2024/05/11 v2.9e Font selection for XeLaTeX and LuaLaTe
X
\l__fontspec_script_int=\count270
\l__fontspec_language_int=\count271
\l__fontspec_strnum_int=\count272
\l__fontspec_tmp_int=\count273
\l__fontspec_tmpa_int=\count274
\l__fontspec_tmpb_int=\count275
\l__fontspec_tmpc_int=\count276
\l__fontspec_em_int=\count277
\l__fontspec_emdef_int=\count278
\l__fontspec_strong_int=\count279
\l__fontspec_strongdef_int=\count280
\l__fontspec_tmpa_dim=\dimen142
\l__fontspec_tmpb_dim=\dimen143
\l__fontspec_tmpc_dim=\dimen144

(/usr/local/texlive/2025basic/texmf-dist/tex/latex/base/fontenc.sty
Package: fontenc 2021/04/29 v2.0v Standard LaTeX package
)
(/usr/local/texlive/2025basic/texmf-dist/tex/latex/fontspec/fontspec.cfg)))

Package fontspec Info: 
(fontspec)             Font family 'Georgia(0)' created for font 'Georgia'
(fontspec)             with options [Ligatures=TeX,BoldFont=Georgia
(fontspec)             Bold,ItalicFont=Georgia Italic].
(fontspec)              
(fontspec)              This font family consists of the following NFSS
(fontspec)             series/shapes:
(fontspec)              
(fontspec)             - 'normal' (m/n) with NFSS spec.:
(fontspec)             <->"Georgia/OT:script=latn;language=dflt;mapping=tex-tex
t;"
(fontspec)             - 'bold' (b/n) with NFSS spec.: <->"Georgia
(fontspec)             Bold/OT:script=latn;language=dflt;mapping=tex-text;"
(fontspec)             - 'italic' (m/it) with NFSS spec.: <->"Georgia
(fontspec)             Italic/OT:script=latn;language=dflt;mapping=tex-text;"
(fontspec)             - 'bold italic' (b/it) with NFSS spec.: <->"Georgia
(fontspec)             Italic/B/OT:script=latn;language=dflt;mapping=tex-text;"



Package fontspec Info: 
(fontspec)             Font family 'HelveticaNeue(0)' created for font
(fontspec)             'Helvetica Neue' with options [Ligatures=TeX].
(fontspec)              
(fontspec)              This font family consists of the following NFSS
(fontspec)             series/shapes:
(fontspec)              
(fontspec)             - 'normal' (m/n) with NFSS spec.: <->"Helvetica
(fontspec)             Neue/AAT:mapping=tex-text;"
(fontspec)             - 'bold' (b/n) with NFSS spec.: <->"Helvetica
(fontspec)             Neue/B/AAT:mapping=tex-text;"
(fontspec)             - 'italic' (m/it) with NFSS spec.: <->"Helvetica
(fontspec)             Neue/I/AAT:mapping=tex-text;"
(fontspec)             - 'bold italic' (b/it) with NFSS spec.: <->"Helvetica
(fontspec)             Neue/BI/AAT:mapping=tex-text;"


Package fontspec Info: 
(fontspec)             Menlo scale = 0.9.


Package fontspec Info: 
(fontspec)             Menlo scale = 0.9.


Package fontspec Info: 
(fontspec)             Menlo/B scale = 0.9.


Package fontspec Info: 
(fontspec)             Menlo/I scale = 0.9.


Package fontspec Info: 
(fontspec)             Menlo/BI scale = 0.9.


Package fontspec Info: 
(fontspec)             Font family 'Menlo(0)' created for font 'Menlo' with
(fontspec)             options
(fontspec)             [WordSpace={1,0,0},HyphenChar=None,PunctuationSpace=Word
Space,Scale=0.9].
(fontspec)              
(fontspec)              This font family consists of the following NFSS
(fontspec)             series/shapes:
(fontspec)              
(fontspec)             - 'normal' (m/n) with NFSS spec.: <->s*[0.9]"Menlo/AAT"
(fontspec)             - 'bold' (b/n) with NFSS spec.: <->s*[0.9]"Menlo/B/AAT"
(fontspec)             - 'italic' (m/it) with NFSS spec.:
(fontspec)             <->s*[0.9]"Menlo/I/AAT"
(fontspec)             - 'bold italic' (b/it) with NFSS spec.:
(fontspec)             <->s*[0.9]"Menlo/BI/AAT"


(/usr/local/texlive/2025basic/texmf-dist/tex/latex/geometry/geometry.sty
Package: geometry 2020/01/02 v5.9 Page Geometry

(/usr/local/texlive/2025basic/texmf-dist/tex/latex/graphics/keyval.sty
Package: keyval 2022/05/29 v1.15 key=value parser (DPC)
\KV@toks@=\toks17
)
(/usr/local/texlive/2025basic/texmf-dist/tex/generic/iftex/ifvtex.sty
Package: ifvtex 2019/10/25 v1.7 ifvtex legacy package. Use iftex instead.

(/usr/local/texlive/2025basic/texmf-dist/tex/generic/iftex/iftex.sty
Package: iftex 2024/12/12 v1.0g TeX engine tests
))
\Gm@cnth=\count281
\Gm@cntv=\count282
\c@Gm@tempcnt=\count283
\Gm@bindingoffset=\dimen145
\Gm@wd@mp=\dimen146
\Gm@odd@mp=\dimen147
\Gm@even@mp=\dimen148
\Gm@layoutwidth=\dimen149
\Gm@layoutheight=\dimen150
\Gm@layouthoffset=\dimen151
\Gm@layoutvoffset=\dimen152
\Gm@dimlist=\toks18
)
(/usr/local/texlive/2025basic/texmf-dist/tex/latex/xcolor/xcolor.sty
Package: xcolor 2024/09/29 v3.02 LaTeX color extensions (UK)

(/usr/local/texlive/2025basic/texmf-dist/tex/latex/graphics-cfg/color.cfg
File: color.cfg 2016/01/02 v1.6 sample color configuration
)
Package xcolor Info: Driver file: xetex.def on input line 274.

(/usr/local/texlive/2025basic/texmf-dist/tex/latex/graphics-def/xetex.def
File: xetex.def 2022/09/22 v5.0n Graphics/color driver for xetex
)
(/usr/local/texlive/2025basic/texmf-dist/tex/latex/graphics/mathcolor.ltx)
Package xcolor Info: Model `cmy' substituted by `cmy0' on input line 1349.
Package xcolor Info: Model `RGB' extended on input line 1365.
Package xcolor Info: Model `HTML' substituted by `rgb' on input line 1367.
Package xcolor Info: Model `Hsb' substituted by `hsb' on input line 1368.
Package xcolor Info: Model `tHsb' substituted by `hsb' on input line 1369.
Package xcolor Info: Model `HSB' substituted by `hsb' on input line 1370.
Package xcolor Info: Model `Gray' substituted by `gray' on input line 1371.
Package xcolor Info: Model `wave' substituted by `hsb' on input line 1372.
)
(/usr/local/texlive/2025basic/texmf-dist/tex/latex/hyperref/hyperref.sty
Package: hyperref 2024-11-05 v7.01l Hypertext links for LaTeX

(/usr/local/texlive/2025basic/texmf-dist/tex/latex/kvsetkeys/kvsetkeys.sty
Package: kvsetkeys 2022-10-05 v1.19 Key value parser (HO)
)
(/usr/local/texlive/2025basic/texmf-dist/tex/generic/kvdefinekeys/kvdefinekeys.
sty
Package: kvdefinekeys 2019-12-19 v1.6 Define keys (HO)
)
(/usr/local/texlive/2025basic/texmf-dist/tex/generic/pdfescape/pdfescape.sty
Package: pdfescape 2019/12/09 v1.15 Implements pdfTeX's escape features (HO)

(/usr/local/texlive/2025basic/texmf-dist/tex/generic/ltxcmds/ltxcmds.sty
Package: ltxcmds 2023-12-04 v1.26 LaTeX kernel commands for general use (HO)
)
(/usr/local/texlive/2025basic/texmf-dist/tex/generic/pdftexcmds/pdftexcmds.sty
Package: pdftexcmds 2020-06-27 v0.33 Utility functions of pdfTeX for LuaTeX (HO
)

(/usr/local/texlive/2025basic/texmf-dist/tex/generic/infwarerr/infwarerr.sty
Package: infwarerr 2019/12/03 v1.5 Providing info/warning/error messages (HO)
)
Package pdftexcmds Info: \pdf@primitive is available.
Package pdftexcmds Info: \pdf@ifprimitive is available.
Package pdftexcmds Info: \pdfdraftmode not found.
)) (/usr/local/texlive/2025basic/texmf-dist/tex/latex/hycolor/hycolor.sty
Package: hycolor 2020-01-27 v1.10 Color options for hyperref/bookmark (HO)
)
(/usr/local/texlive/2025basic/texmf-dist/tex/latex/hyperref/nameref.sty
Package: nameref 2023-11-26 v2.56 Cross-referencing by name of section

(/usr/local/texlive/2025basic/texmf-dist/tex/latex/refcount/refcount.sty
Package: refcount 2019/12/15 v3.6 Data extraction from label references (HO)
)
(/usr/local/texlive/2025basic/texmf-dist/tex/generic/gettitlestring/gettitlestr
ing.sty
Package: gettitlestring 2019/12/15 v1.6 Cleanup title references (HO)

(/usr/local/texlive/2025basic/texmf-dist/tex/latex/kvoptions/kvoptions.sty
Package: kvoptions 2022-06-15 v3.15 Key value format for package options (HO)
))
\c@section@level=\count284
)
(/usr/local/texlive/2025basic/texmf-dist/tex/latex/etoolbox/etoolbox.sty
Package: etoolbox 2025/02/11 v2.5l e-TeX tools for LaTeX (JAW)
\etb@tempcnta=\count285
)
(/usr/local/texlive/2025basic/texmf-dist/tex/generic/stringenc/stringenc.sty
Package: stringenc 2019/11/29 v1.12 Convert strings between diff. encodings (HO
)
)
\@linkdim=\dimen153
\Hy@linkcounter=\count286
\Hy@pagecounter=\count287

(/usr/local/texlive/2025basic/texmf-dist/tex/latex/hyperref/pd1enc.def
File: pd1enc.def 2024-11-05 v7.01l Hyperref: PDFDocEncoding definition (HO)
)
(/usr/local/texlive/2025basic/texmf-dist/tex/generic/intcalc/intcalc.sty
Package: intcalc 2019/12/15 v1.3 Expandable calculations with integers (HO)
)
\Hy@SavedSpaceFactor=\count288

(/usr/local/texlive/2025basic/texmf-dist/tex/latex/hyperref/puenc.def
File: puenc.def 2024-11-05 v7.01l Hyperref: PDF Unicode definition (HO)
)
Package hyperref Info: Hyper figures OFF on input line 4157.
Package hyperref Info: Link nesting OFF on input line 4162.
Package hyperref Info: Hyper index ON on input line 4165.
Package hyperref Info: Plain pages OFF on input line 4172.
Package hyperref Info: Backreferencing OFF on input line 4177.
Package hyperref Info: Implicit mode ON; LaTeX internals redefined.
Package hyperref Info: Bookmarks ON on input line 4424.
\c@Hy@tempcnt=\count289

(/usr/local/texlive/2025basic/texmf-dist/tex/latex/url/url.sty
\Urlmuskip=\muskip17
Package: url 2013/09/16  ver 3.4  Verb mode for urls, etc.
)
LaTeX Info: Redefining \url on input line 4763.
\XeTeXLinkMargin=\dimen154

(/usr/local/texlive/2025basic/texmf-dist/tex/generic/bitset/bitset.sty
Package: bitset 2019/12/09 v1.3 Handle bit-vector datatype (HO)

(/usr/local/texlive/2025basic/texmf-dist/tex/generic/bigintcalc/bigintcalc.sty
Package: bigintcalc 2019/12/15 v1.5 Expandable calculations on big integers (HO
)
))
\Fld@menulength=\count290
\Field@Width=\dimen155
\Fld@charsize=\dimen156
Package hyperref Info: Hyper figures OFF on input line 6042.
Package hyperref Info: Link nesting OFF on input line 6047.
Package hyperref Info: Hyper index ON on input line 6050.
Package hyperref Info: backreferencing OFF on input line 6057.
Package hyperref Info: Link coloring OFF on input line 6062.
Package hyperref Info: Link coloring with OCG OFF on input line 6067.
Package hyperref Info: PDF/A mode OFF on input line 6072.
 (/usr/local/texlive/2025basic/texmf-dist/tex/latex/base/atbegshi-ltx.sty
Package: atbegshi-ltx 2021/01/10 v1.0c Emulation of the original atbegshi
package with kernel methods
)
\Hy@abspage=\count291
\c@Item=\count292
\c@Hfootnote=\count293
)
Package hyperref Info: Driver (autodetected): hxetex.

(/usr/local/texlive/2025basic/texmf-dist/tex/latex/hyperref/hxetex.def
File: hxetex.def 2024-11-05 v7.01l Hyperref driver for XeTeX
\pdfm@box=\box53
\c@Hy@AnnotLevel=\count294
\HyField@AnnotCount=\count295
\Fld@listcount=\count296
\c@bookmark@seq@number=\count297

(/usr/local/texlive/2025basic/texmf-dist/tex/latex/rerunfilecheck/rerunfilechec
k.sty
Package: rerunfilecheck 2022-07-10 v1.10 Rerun checks for auxiliary files (HO)
 (/usr/local/texlive/2025basic/texmf-dist/tex/latex/base/atveryend-ltx.sty
Package: atveryend-ltx 2020/08/19 v1.0a Emulation of the original atveryend pac
kage
with kernel methods
)
(/usr/local/texlive/2025basic/texmf-dist/tex/generic/uniquecounter/uniquecounte
r.sty
Package: uniquecounter 2019/12/15 v1.4 Provide unlimited unique counter (HO)
)
Package uniquecounter Info: New unique counter `rerunfilecheck' on input line 2
85.
)
\Hy@SectionHShift=\skip51
)
Package hyperref Info: Option `colorlinks' set `true' on input line 45.


Package hyperref Warning: Option `bookmarks' has already been used,
(hyperref)                setting the option has no effect on input line 45.

Package hyperref Info: Option `bookmarksnumbered' set `true' on input line 45.
(/usr/local/texlive/2025basic/texmf-dist/tex/latex/graphics/graphicx.sty
Package: graphicx 2021/09/16 v1.2d Enhanced LaTeX Graphics (DPC,SPQR)

(/usr/local/texlive/2025basic/texmf-dist/tex/latex/graphics/graphics.sty
Package: graphics 2024/08/06 v1.4g Standard LaTeX Graphics (DPC,SPQR)

(/usr/local/texlive/2025basic/texmf-dist/tex/latex/graphics/trig.sty
Package: trig 2023/12/02 v1.11 sin cos tan (DPC)
)
(/usr/local/texlive/2025basic/texmf-dist/tex/latex/graphics-cfg/graphics.cfg
File: graphics.cfg 2016/06/04 v1.11 sample graphics configuration
)
Package graphics Info: Driver file: xetex.def on input line 106.
)
\Gin@req@height=\dimen157
\Gin@req@width=\dimen158
) (/usr/local/texlive/2025basic/texmf-dist/tex/latex/tools/longtable.sty
Package: longtable 2024-10-27 v4.22 Multi-page Table package (DPC)
\LTleft=\skip52
\LTright=\skip53
\LTpre=\skip54
\LTpost=\skip55
\LTchunksize=\count298
\LTcapwidth=\dimen159
\LT@head=\box54
\LT@firsthead=\box55
\LT@foot=\box56
\LT@lastfoot=\box57
\LT@gbox=\box58
\LT@cols=\count299
\LT@rows=\count300
\c@LT@tables=\count301
\c@LT@chunks=\count302
\LT@p@ftn=\toks19
)
(/usr/local/texlive/2025basic/texmf-dist/tex/latex/booktabs/booktabs.sty
Package: booktabs 2020/01/12 v1.61803398 Publication quality tables
\heavyrulewidth=\dimen160
\lightrulewidth=\dimen161
\cmidrulewidth=\dimen162
\belowrulesep=\dimen163
\belowbottomsep=\dimen164
\aboverulesep=\dimen165
\abovetopsep=\dimen166
\cmidrulesep=\dimen167
\cmidrulekern=\dimen168
\defaultaddspace=\dimen169
\@cmidla=\count303
\@cmidlb=\count304
\@aboverulesep=\dimen170
\@belowrulesep=\dimen171
\@thisruleclass=\count305
\@lastruleclass=\count306
\@thisrulewidth=\dimen172
)
(/usr/local/texlive/2025basic/texmf-dist/tex/latex/tools/array.sty
Package: array 2024/10/17 v2.6g Tabular extension package (FMi)
\col@sep=\dimen173
\ar@mcellbox=\box59
\extrarowheight=\dimen174
\NC@list=\toks20
\extratabsurround=\skip56
\backup@length=\skip57
\ar@cellbox=\box60
)
(/usr/local/texlive/2025basic/texmf-dist/tex/latex/amsfonts/amssymb.sty
Package: amssymb 2013/01/14 v3.01 AMS font symbols

(/usr/local/texlive/2025basic/texmf-dist/tex/latex/amsfonts/amsfonts.sty
Package: amsfonts 2013/01/14 v3.01 Basic AMSFonts support
\@emptytoks=\toks21
\symAMSa=\mathgroup4
\symAMSb=\mathgroup5
LaTeX Font Info:    Redeclaring math symbol \hbar on input line 98.
LaTeX Font Info:    Overwriting math alphabet `\mathfrak' in version `bold'
(Font)                  U/euf/m/n --> U/euf/b/n on input line 106.
))
\c@none=\count307

(./silicon-jim-en.aux)
\openout1 = `silicon-jim-en.aux'.

LaTeX Font Info:    Checking defaults for OML/cmm/m/it on input line 124.
LaTeX Font Info:    ... okay on input line 124.
LaTeX Font Info:    Checking defaults for OMS/cmsy/m/n on input line 124.
LaTeX Font Info:    ... okay on input line 124.
LaTeX Font Info:    Checking defaults for OT1/cmr/m/n on input line 124.
LaTeX Font Info:    ... okay on input line 124.
LaTeX Font Info:    Checking defaults for T1/cmr/m/n on input line 124.
LaTeX Font Info:    ... okay on input line 124.
LaTeX Font Info:    Checking defaults for TS1/cmr/m/n on input line 124.
LaTeX Font Info:    ... okay on input line 124.
LaTeX Font Info:    Checking defaults for TU/lmr/m/n on input line 124.
LaTeX Font Info:    ... okay on input line 124.
LaTeX Font Info:    Checking defaults for OMX/cmex/m/n on input line 124.
LaTeX Font Info:    ... okay on input line 124.
LaTeX Font Info:    Checking defaults for U/cmr/m/n on input line 124.
LaTeX Font Info:    ... okay on input line 124.
LaTeX Font Info:    Checking defaults for PD1/pdf/m/n on input line 124.
LaTeX Font Info:    ... okay on input line 124.
LaTeX Font Info:    Checking defaults for PU/pdf/m/n on input line 124.
LaTeX Font Info:    ... okay on input line 124.

Package fontspec Info: 
(fontspec)             Adjusting the maths setup (use [no-math] to avoid
(fontspec)             this).

\symlegacymaths=\mathgroup6
LaTeX Font Info:    Overwriting symbol font `legacymaths' in version `bold'
(Font)                  OT1/cmr/m/n --> OT1/cmr/bx/n on input line 124.
LaTeX Font Info:    Redeclaring math accent \acute on input line 124.
LaTeX Font Info:    Redeclaring math accent \grave on input line 124.
LaTeX Font Info:    Redeclaring math accent \ddot on input line 124.
LaTeX Font Info:    Redeclaring math accent \tilde on input line 124.
LaTeX Font Info:    Redeclaring math accent \bar on input line 124.
LaTeX Font Info:    Redeclaring math accent \breve on input line 124.
LaTeX Font Info:    Redeclaring math accent \check on input line 124.
LaTeX Font Info:    Redeclaring math accent \hat on input line 124.
LaTeX Font Info:    Redeclaring math accent \dot on input line 124.
LaTeX Font Info:    Redeclaring math accent \mathring on input line 124.
LaTeX Font Info:    Redeclaring math symbol \colon on input line 124.
LaTeX Font Info:    Redeclaring math symbol \Gamma on input line 124.
LaTeX Font Info:    Redeclaring math symbol \Delta on input line 124.
LaTeX Font Info:    Redeclaring math symbol \Theta on input line 124.
LaTeX Font Info:    Redeclaring math symbol \Lambda on input line 124.
LaTeX Font Info:    Redeclaring math symbol \Xi on input line 124.
LaTeX Font Info:    Redeclaring math symbol \Pi on input line 124.
LaTeX Font Info:    Redeclaring math symbol \Sigma on input line 124.
LaTeX Font Info:    Redeclaring math symbol \Upsilon on input line 124.
LaTeX Font Info:    Redeclaring math symbol \Phi on input line 124.
LaTeX Font Info:    Redeclaring math symbol \Psi on input line 124.
LaTeX Font Info:    Redeclaring math symbol \Omega on input line 124.
LaTeX Font Info:    Redeclaring math symbol \mathdollar on input line 124.
LaTeX Font Info:    Redeclaring symbol font `operators' on input line 124.
LaTeX Font Info:    Encoding `OT1' has changed to `TU' for symbol font
(Font)              `operators' in the math version `normal' on input line 124.

LaTeX Font Info:    Overwriting symbol font `operators' in version `normal'
(Font)                  OT1/cmr/m/n --> TU/Georgia(0)/m/n on input line 124.
LaTeX Font Info:    Encoding `OT1' has changed to `TU' for symbol font
(Font)              `operators' in the math version `bold' on input line 124.
LaTeX Font Info:    Overwriting symbol font `operators' in version `bold'
(Font)                  OT1/cmr/bx/n --> TU/Georgia(0)/m/n on input line 124.
LaTeX Font Info:    Overwriting symbol font `operators' in version `normal'
(Font)                  TU/Georgia(0)/m/n --> TU/Georgia(0)/m/n on input line 1
24.
LaTeX Font Info:    Overwriting math alphabet `\mathit' in version `normal'
(Font)                  OT1/cmr/m/it --> TU/Georgia(0)/m/it on input line 124.
LaTeX Font Info:    Overwriting math alphabet `\mathbf' in version `normal'
(Font)                  OT1/cmr/bx/n --> TU/Georgia(0)/b/n on input line 124.
LaTeX Font Info:    Overwriting math alphabet `\mathsf' in version `normal'
(Font)                  OT1/cmss/m/n --> TU/HelveticaNeue(0)/m/n on input line 
124.
LaTeX Font Info:    Overwriting math alphabet `\mathtt' in version `normal'
(Font)                  OT1/cmtt/m/n --> TU/Menlo(0)/m/n on input line 124.
LaTeX Font Info:    Overwriting symbol font `operators' in version `bold'
(Font)                  TU/Georgia(0)/m/n --> TU/Georgia(0)/b/n on input line 1
24.
LaTeX Font Info:    Overwriting math alphabet `\mathit' in version `bold'
(Font)                  OT1/cmr/bx/it --> TU/Georgia(0)/b/it on input line 124.

LaTeX Font Info:    Overwriting math alphabet `\mathsf' in version `bold'
(Font)                  OT1/cmss/bx/n --> TU/HelveticaNeue(0)/b/n on input line
 124.
LaTeX Font Info:    Overwriting math alphabet `\mathtt' in version `bold'
(Font)                  OT1/cmtt/m/n --> TU/Menlo(0)/b/n on input line 124.

*geometry* driver: auto-detecting
*geometry* detected driver: xetex
*geometry* verbose mode - [ preamble ] result:
* driver: xetex
* paper: custom
* layout: <same size as paper>
* layoutoffset:(h,v)=(0.0pt,0.0pt)
* modes: twoside 
* h-part:(L,W,R)=(63.23624pt, 325.21501pt, 45.16875pt)
* v-part:(T,H,B)=(54.2025pt, 542.025pt, 54.2025pt)
* \paperwidth=433.62pt
* \paperheight=650.43pt
* \textwidth=325.21501pt
* \textheight=542.025pt
* \oddsidemargin=-9.03375pt
* \evensidemargin=-27.10124pt
* \topmargin=-49.94128pt
* \headheight=12.0pt
* \headsep=19.8738pt
* \topskip=11.0pt
* \footskip=27.46295pt
* \marginparwidth=116.0pt
* \marginparsep=7.0pt
* \columnsep=10.0pt
* \skip\footins=10.0pt plus 4.0pt minus 2.0pt
* \hoffset=0.0pt
* \voffset=0.0pt
* \mag=1000
* \@twocolumnfalse
* \@twosidetrue
* \@mparswitchtrue
* \@reversemarginfalse
* (1in=72.27pt=25.4mm, 1cm=28.453pt)

Package hyperref Info: Link coloring ON on input line 124.
(./silicon-jim-en.out) (./silicon-jim-en.out)
\@outlinefile=\write3
\openout3 = `silicon-jim-en.out'.



[1



]

[2] (./silicon-jim-en.toc
LaTeX Font Info:    Trying to load font information for U+msa on input line 2.

(/usr/local/texlive/2025basic/texmf-dist/tex/latex/amsfonts/umsa.fd
File: umsa.fd 2013/01/14 v3.01 AMS symbols A
)
LaTeX Font Info:    Trying to load font information for U+msb on input line 2.

(/usr/local/texlive/2025basic/texmf-dist/tex/latex/amsfonts/umsb.fd
File: umsb.fd 2013/01/14 v3.01 AMS symbols B
)

[3


]

LaTeX Font Info:    Font shape `TU/Georgia(0)/m/sl' in size <10.95> not availab
le
(Font)              Font shape `TU/Georgia(0)/m/it' tried instead on input line
 61.
[4])
\tf@toc=\write4
\openout4 = `silicon-jim-en.toc'.



[5]

[6

] (./silicon-jim-en-content.tex
Chapter 1.

Overfull \hbox (3.81218pt too wide) in paragraph at lines 22--26
\TU/Georgia(0)/m/n/10.95 where the Mississippi River runs wide and brown, where
 the air hangs
 []



[1


]
Overfull \hbox (0.48657pt too wide) in paragraph at lines 45--50
\TU/Georgia(0)/m/n/10.95 smooth by decades of use, “running a business is like 
making Gumbo.
 []


Overfull \hbox (3.72452pt too wide) in paragraph at lines 45--50
\TU/Georgia(0)/m/n/10.95 You need the right heat, the right ingredients, and mo
st importantly—
 []



[2]

[3]
Overfull \hbox (2.49866pt too wide) in paragraph at lines 141--145
\TU/Georgia(0)/m/n/10.95 before the broken refrigerator that needed replacing, 
before the prop-
 []



[4]
Overfull \hbox (5.70064pt too wide) in paragraph at lines 199--204
\TU/Georgia(0)/m/n/10.95 heads cut off, chasing money, chasing success, chasing
 whatever shiny
 []


Overfull \hbox (11.86632pt too wide) in paragraph at lines 208--211
[]\TU/Georgia(0)/m/n/10.95 I took that box of pralines, hugged Mama one last ti
me—she smelled
 []



[5]
Overfull \hbox (15.0446pt too wide) in paragraph at lines 223--223
[]\TU/Georgia(0)/b/n/14.4 Chapter 1: 2000 — The Stanford AI Dream 
 []


Overfull \hbox (7.2046pt too wide) in paragraph at lines 239--241
[]\TU/Georgia(0)/m/n/10.95 “AI! Artificial Intelligence!” He slapped the steeri
ng wheel. “That’s
 []


Overfull \hbox (23.34511pt too wide) in paragraph at lines 251--254
\TU/Georgia(0)/m/n/10.95 in his shirt pocket. Pets.com. Webvan. eToys. Kozmo.co
m. DrKoop.com.
 []



[6]
Overfull \hbox (4.60817pt too wide) in paragraph at lines 296--299
[]\TU/Georgia(0)/m/n/10.95 “Ambitious?” He laughed. “Jim, we’re not being ambit
ious. We’re
 []



[7]
Overfull \hbox (2.41515pt too wide) in paragraph at lines 309--312
[]\TU/Georgia(0)/m/n/10.95 “You’re getting 0.05% of the company,” the HR woman 
explained.
 []


Overfull \hbox (15.72636pt too wide) in paragraph at lines 345--351
\TU/Georgia(0)/m/n/10.95 cally classified as coffee, and a refrigerator covered
 in passive-aggressive
 []



[8]

[9]
Overfull \hbox (13.9934pt too wide) in paragraph at lines 404--407
[]\TU/Georgia(0)/m/n/10.95 At that moment, with the fluorescent lights buzzing 
and the espresso
 []


Overfull \hbox (4.70782pt too wide) in paragraph at lines 412--418
\TU/Georgia(0)/m/n/10.95 Billionaires were being minted overnight. Everyone was
 talking about
 []


Overfull \hbox (18.33937pt too wide) in paragraph at lines 432--438
[]\TU/Georgia(0)/m/n/10.95 NeuralMind wasn’t immune to the madness. We hired ag
gressively—
 []



[10]
Overfull \hbox (12.36545pt too wide) in paragraph at lines 460--464
\TU/Georgia(0)/m/n/10.95 wanted to see “a path to profitability” and “sustainab
le unit economics.”
 []


Underfull \vbox (badness 2277) has occurred while \output is active []



[11]

[12]

[13]
Overfull \hbox (1.22026pt too wide) in paragraph at lines 577--580
[]\TU/Georgia(0)/m/n/10.95 I thought about it. The honest answer was complicate
d—the tech-
 []


Overfull \hbox (32.34268pt too wide) in paragraph at lines 598--598
[]\TU/Georgia(0)/b/n/14.4 Chapter 2: 2001 — When the World Changed 
 []



[14]
Underfull \vbox (badness 6995) has occurred while \output is active []



[15]

[16]
Overfull \hbox (0.16959pt too wide) in paragraph at lines 735--737
[]\TU/Georgia(0)/m/n/10.95 The newsreader’s voice changed mid-sentence. The cas
ual morn-
 []


Overfull \hbox (2.31868pt too wide) in paragraph at lines 765--769
\TU/Georgia(0)/m/n/10.95 brought in, watching the same images play over and ove
r—the planes,
 []



[17]
Overfull \hbox (1.8731pt too wide) in paragraph at lines 804--809
\TU/Georgia(0)/m/n/10.95 The phone networks were overwhelmed, and when they wer
en’t over-
 []



[18]
Overfull \hbox (4.23665pt too wide) in paragraph at lines 848--854
[]\TU/Georgia(0)/m/n/10.95 Flying became a nightmare. The security lines stretc
hed for hours.
 []


Overfull \hbox (9.06085pt too wide) in paragraph at lines 855--859
\TU/Georgia(0)/m/n/10.95 versation, of the easy camaraderie that used to exist 
between strangers. 
 []



[19]
Overfull \hbox (13.30573pt too wide) in paragraph at lines 901--909
\TU/Georgia(0)/m/n/10.95 ment savings, because they’d been encouraged—pressured
, some said—
 []



[20]

[21]

[22]
Overfull \hbox (31.55223pt too wide) in paragraph at lines 1043--1048
\TU/Georgia(0)/b/n/10.95 salary. You’ve already bet your human capital on that 
company—
 []



[23]

[24]
Overfull \hbox (11.20581pt too wide) in paragraph at lines 1109--1113
\TU/Georgia(0)/m/n/10.95 alyst position in their structured products group. It 
wasn’t glamorous—
 []



[25]

[26]
Overfull \hbox (26.20699pt too wide) in paragraph at lines 1220--1222
[]\TU/Georgia(0)/m/n/10.95 She looked up at me, and there was something in her 
eyes—excitement,
 []



[27]
Overfull \hbox (1.73975pt too wide) in paragraph at lines 1247--1250
[]\TU/Georgia(0)/m/n/10.95 There was silence between us. The restaurant clatter
ed on around
 []


Overfull \hbox (4.05241pt too wide) in paragraph at lines 1247--1250
\TU/Georgia(0)/m/n/10.95 us—the sizzle of cooking, the chatter of other diners,
 the distant sound
 []



[28]
Overfull \hbox (6.6153pt too wide) in paragraph at lines 1314--1317
\TU/Georgia(0)/b/n/10.95 choice you made with the information you had. You coul
dn’t
 []



[29]
Overfull \hbox (4.35248pt too wide) in paragraph at lines 1389--1390
\TU/Georgia(0)/b/n/10.95 opportunities and let them walk by, because they didn’
t look
 []



[30]

[31]

[32]

[33]
Overfull \hbox (3.33693pt too wide) in paragraph at lines 1541--1545
\TU/Georgia(0)/m/n/10.95 house in midtown Manhattan. It was December 2007, and 
the Christ-
 []



[34]
Overfull \hbox (4.7063pt too wide) in paragraph at lines 1616--1619
[]\TU/Georgia(0)/m/n/10.95 I wanted to believe him. We all wanted to believe th
at Bear Stearns
 []



[35]
Overfull \hbox (6.62202pt too wide) in paragraph at lines 1675--1676
\TU/Georgia(0)/m/n/10.95 Monday, September 15, 2008, Lehman Brothers declared b
ankruptcy. 
 []



[36]
Overfull \hbox (1.00902pt too wide) in paragraph at lines 1711--1712
[]\TU/Georgia(0)/m/n/10.95 Enron all over again. He’d done exactly what he’d pr
omised never
 []



[37]

[38]
Overfull \hbox (4.98279pt too wide) in paragraph at lines 1823--1826
\TU/Georgia(0)/b/n/10.95 and cutting losses. It’s the exact opposite of what yo
u should
 []



[39]
Overfull \hbox (2.72589pt too wide) in paragraph at lines 1858--1860
[]\TU/Georgia(0)/m/n/10.95 “Options.” Mike laughed bitterly. “That word used to
 mean some-
 []


Overfull \hbox (14.6802pt too wide) in paragraph at lines 1871--1871
[]\TU/Georgia(0)/b/n/14.4 Chapter 6: 2009 — Rock Bottom and Hope 
 []



[40]
Overfull \hbox (10.37047pt too wide) in paragraph at lines 1877--1882
[]\TU/Georgia(0)/m/n/10.95 We weren’t growing—nobody was growing in 2009—but we
 weren’t
 []


Overfull \hbox (1.88708pt too wide) in paragraph at lines 1886--1890
[]\TU/Georgia(0)/m/n/10.95 We were down to twelve employees again—the same numb
er we’d
 []


Overfull \hbox (3.73831pt too wide) in paragraph at lines 1886--1890
\TU/Georgia(0)/m/n/10.95 who’d survived the first winter. There was a quiet cam
araderie among
 []



[41]
Overfull \hbox (4.85806pt too wide) in paragraph at lines 1928--1933
\TU/Georgia(0)/b/n/10.95 Anyone can buy. Very few people can sit still while th
e world
 []



[42]

[43]
Overfull \hbox (1.42125pt too wide) in paragraph at lines 2018--2019
[]\TU/Georgia(0)/b/n/10.95 Mama said: Be greedy when others are fearful. But fi
rst,
 []



[44]
Overfull \hbox (10.50967pt too wide) in paragraph at lines 2099--2101
[]\TU/Georgia(0)/m/n/10.95 “Enterprise data solutions,” the recruiter explained
. “They’re grow-
 []



[45]

[46]
Overfull \hbox (7.99406pt too wide) in paragraph at lines 2181--2185
[]\TU/Georgia(0)/m/n/10.95 She was twenty-five, fresh from five years at Infosy
s, with mediocre
 []


Overfull \hbox (5.18025pt too wide) in paragraph at lines 2186--2188
[]\TU/Georgia(0)/m/n/10.95 “Priya has great experience,” Vikram announced at th
e team meet-
 []



[47]

[48]

[49]
Overfull \hbox (5.44258pt too wide) in paragraph at lines 2314--2315
\TU/Georgia(0)/b/n/10.95 times the smartest thing is to walk away. That’s not r
etreat—
 []


Overfull \hbox (1.10645pt too wide) in paragraph at lines 2318--2319
\TU/Georgia(0)/b/n/10.95 your energy hating the people who hurt you. Spend it b
uild-
 []



[50]
Overfull \hbox (1.84015pt too wide) in paragraph at lines 2342--2345
[]\TU/Georgia(0)/m/n/10.95 Atherton. One of the most expensive zip codes in Ame
rica. Where
 []



[51]

[52]
Overfull \hbox (14.3894pt too wide) in paragraph at lines 2450--2451
\TU/Georgia(0)/b/n/10.95 ally it’s the latter. But sometimes—not often, but som
etimes—
 []



[53]
Overfull \hbox (1.13443pt too wide) in paragraph at lines 2501--2505
\TU/Georgia(0)/m/n/10.95 pany succeeded. And the mission—saving lives through t
echnology—
 []


Underfull \vbox (badness 2401) has occurred while \output is active []



[54]
Overfull \hbox (0.53636pt too wide) in paragraph at lines 2531--2535
[]\TU/Georgia(0)/m/n/10.95 “\TU/Georgia(0)/b/n/10.95 Smart people can be fooled
 too. \TU/Georgia(0)/m/n/10.95 In fact, smart people some-
 []


Overfull \hbox (2.8715pt too wide) in paragraph at lines 2538--2542
\TU/Georgia(0)/m/n/10.95 mous names who lend credibility without understanding 
what they’re
 []


Overfull \hbox (10.53288pt too wide) in paragraph at lines 2545--2548
[]\TU/Georgia(0)/m/n/10.95 Three years later, Theranos collapsed. The machines 
never worked.
 []



[55]
Overfull \hbox (7.48924pt too wide) in paragraph at lines 2572--2576
[]\TU/Georgia(0)/m/n/10.95 I remember the day it became real. I was at the offi
ce—NeuralMind
 []


Overfull \hbox (0.63098pt too wide) in paragraph at lines 2572--2576
\TU/Georgia(0)/m/n/10.95 2.0 had grown to fifty people by then, we had a proper
 office in Moun-
 []


Overfull \hbox (0.70656pt too wide) in paragraph at lines 2577--2581
[]\TU/Georgia(0)/m/n/10.95 “Effective immediately,” he said, his face pale on t
he video screen,
 []


Overfull \hbox (0.87628pt too wide) in paragraph at lines 2604--2605
[]\TU/Georgia(0)/m/n/10.95 “He asked where I got them. Turns out his grandson l
oves Spider-
 []



[56]
Overfull \hbox (7.98224pt too wide) in paragraph at lines 2612--2614
\TU/Georgia(0)/m/n/10.95 For NeuralMind 2.0, though, something strange happened
: we started
 []


Overfull \hbox (0.15117pt too wide) in paragraph at lines 2615--2619
[]\TU/Georgia(0)/m/n/10.95 Every company suddenly needed to process documents r
emotely.
 []


Overfull \hbox (2.73387pt too wide) in paragraph at lines 2638--2639
[]\TU/Georgia(0)/m/n/10.95 “If we sell, your 0.1% becomes real money. Life-chan
ging money.” 
 []



[57]

[58]
Overfull \hbox (7.97447pt too wide) in paragraph at lines 2719--2721
[]\TU/Georgia(0)/m/n/10.95 Mike’s son Tommy, who was now in college, used his t
uition money
 []



[59]
Overfull \hbox (8.97887pt too wide) in paragraph at lines 2753--2756
\TU/Georgia(0)/m/n/10.95 Mike’s son Tommy was twenty years old in 2021, and lik
e every twenty-
 []



[60]
Overfull \hbox (4.70027pt too wide) in paragraph at lines 2793--2798
[]\TU/Georgia(0)/m/n/10.95 “Tommy.” Mike’s voice was gentle, but sad. “The litt
le guys mostly
 []



[61]

[62]
Overfull \hbox (5.30392pt too wide) in paragraph at lines 2910--2915
\TU/Georgia(0)/m/n/10.95 place to watch the news coverage, the same way we’d wa
tched Lehman
 []


Overfull \hbox (2.98257pt too wide) in paragraph at lines 2910--2915
\TU/Georgia(0)/m/n/10.95 collapse years before. “\TU/Georgia(0)/b/n/10.95 He ch
ases what’s exciting, what’s trend-
 []



[63]
Overfull \hbox (12.01067pt too wide) in paragraph at lines 2930--2930
[]\TU/Georgia(0)/b/n/14.4 Chapter 13: 2023 — Silicon Valley Bank’s
 []


Overfull \hbox (5.96927pt too wide) in paragraph at lines 2956--2959
[]\TU/Georgia(0)/m/n/10.95 Thursday morning: The CEO convened an emergency boar
d meet-
 []



[64]
Overfull \hbox (27.60667pt too wide) in paragraph at lines 2987--2991
\TU/Georgia(0)/m/n/10.95 Sunday evening, the government announced it would prot
ect all deposits—
 []




Overfull \hbox (6.57924pt too wide) has occurred while \output is active
\TU/Georgia(0)/m/it/10.95 1.14.  CHAPTER 13: 2023 — SILICON VALLEY BANK’S 48 HO
URS \TU/Georgia(0)/m/n/10.95 65
 []

[65]

[66]
Overfull \hbox (2.45616pt too wide) in paragraph at lines 3099--3102
[]\TU/Georgia(0)/m/n/10.95 Twenty people. All from Infosys Consulting Services—
ICS—flown
 []



[67]

[68]

[69]

[70]
Overfull \hbox (0.68349pt too wide) in paragraph at lines 3268--3272
\TU/Georgia(0)/b/n/10.95 that a revolution eventually creates real value. \TU/G
eorgia(0)/m/n/10.95 But until then,
 []



[71]

[72]
Overfull \hbox (17.9925pt too wide) in alignment at lines 3354--3358
 [] [] [] 
 []


Overfull \hbox (17.9925pt too wide) in alignment at lines 3358--3360
 [] [] [] 
 []


Overfull \hbox (17.9925pt too wide) in alignment at lines 3360--3365
 [] [] [] 
 []


Overfull \hbox (1.75133pt too wide) in paragraph at lines 3399--3400
[]\TU/Georgia(0)/m/n/10.95 “She said: ‘Son, are you sure you’re investing and n
ot gambling?’” 
 []



[73]

[74]
Overfull \hbox (2.8402pt too wide) in paragraph at lines 3488--3493
[]\TU/Georgia(0)/m/n/10.95 Mama’s restaurant is still there—Marie’s Kitchen, on
 Government
 []



[75]

[76])

[77] (./silicon-jim-en.aux)
 ***********
LaTeX2e <2024-11-01> patch level 2
L3 programming layer <2025-01-18>
 ***********
Package rerunfilecheck Info: File `silicon-jim-en.out' has not changed.
(rerunfilecheck)             Checksum: 467DB788A7A25BDE8C8E07D7786EDAB9;16921.
 ) 
Here is how much of TeX's memory you used:
 12460 strings out of 475366
 243798 string characters out of 5762340
 705309 words of memory out of 5000000
 35248 multiletter control sequences out of 15000+600000
 564221 words of font info for 102 fonts, out of 8000000 for 9000
 319 hyphenation exceptions out of 8191
 79i,6n,93p,413b,409s stack positions out of 10000i,1000n,20000p,200000b,200000s

Output written on silicon-jim-en.pdf (83 pages).
